g:\github\translate\dlltranslate\x64\debug\dlltranslate.pch
g:\github\translate\dlltranslate\x64\debug\vc143.pdb
g:\github\translate\dlltranslate\x64\debug\vc143.idb
g:\github\translate\dlltranslate\x64\debug\pch.obj
g:\github\translate\dlltranslate\x64\debug\translate.obj
g:\github\translate\dlltranslate\x64\debug\dllmain.obj
g:\github\translate\translateui\bin\debug\net6.0-windows\dlltranslate.lib
g:\github\translate\translateui\bin\debug\net6.0-windows\dlltranslate.exp
g:\github\translate\translateui\bin\debug\net6.0-windows\libcurl-d.dll
g:\github\translate\translateui\bin\debug\net6.0-windows\libssl-3-x64.dll
g:\github\translate\translateui\bin\debug\net6.0-windows\libcrypto-3-x64.dll
g:\github\translate\translateui\bin\debug\net6.0-windows\zlibd1.dll
g:\github\translate\dlltranslate\x64\debug\dlltranslate.ilk
g:\github\translate\translateui\bin\debug\net6.0-windows\dlltranslate.dll
g:\github\translate\translateui\bin\debug\net6.0-windows\dlltranslate.pdb
g:\github\translate\dlltranslate\x64\debug\dlltranslate.tlog\cl.command.1.tlog
g:\github\translate\dlltranslate\x64\debug\dlltranslate.tlog\cl.read.1.tlog
g:\github\translate\dlltranslate\x64\debug\dlltranslate.tlog\cl.write.1.tlog
g:\github\translate\dlltranslate\x64\debug\dlltranslate.tlog\dlltranslate.write.1u.tlog
g:\github\translate\dlltranslate\x64\debug\dlltranslate.tlog\link.command.1.tlog
g:\github\translate\dlltranslate\x64\debug\dlltranslate.tlog\link.read.1.tlog
g:\github\translate\dlltranslate\x64\debug\dlltranslate.tlog\link.write.1.tlog
